<?xml version="1.0" encoding="UTF-8"?>
<testsuite name="com.group.libraryapp.calculator.JUnitCalculatorTest" tests="5" skipped="0" failures="0" errors="0" timestamp="2025-02-16T15:03:39" hostname="HESIL" time="0.054">
  <properties/>
  <testcase name="divisionByZeroTest()" classname="com.group.libraryapp.calculator.JUnitCalculatorTest" time="0.049"/>
  <testcase name="multiTest()" classname="com.group.libraryapp.calculator.JUnitCalculatorTest" time="0.003"/>
  <testcase name="addTest()" classname="com.group.libraryapp.calculator.JUnitCalculatorTest" time="0.0"/>
  <testcase name="minusTest()" classname="com.group.libraryapp.calculator.JUnitCalculatorTest" time="0.0"/>
  <testcase name="divTest()" classname="com.group.libraryapp.calculator.JUnitCalculatorTest" time="0.001"/>
  <system-out><![CDATA[]]></system-out>
  <system-err><![CDATA[]]></system-err>
</testsuite>
